<?xml version="1.0" encoding="UTF-8"?>
<testsuite name="com.csc.TestTriangleNumberCalculator" tests="15" skipped="0" failures="0" errors="0" timestamp="2024-11-03T16:47:24" hostname="fedora" time="0.191">
  <properties/>
  <testcase name="twoThreeAddTest()" classname="com.csc.TestTriangleNumberCalculator" time="0.112"/>
  <testcase name="twoThreeDivideTest()" classname="com.csc.TestTriangleNumberCalculator" time="0.006"/>
  <testcase name="fourTwoSubtractTest()" classname="com.csc.TestTriangleNumberCalculator" time="0.001"/>
  <testcase name="oneOneAddTest()" classname="com.csc.TestTriangleNumberCalculator" time="0.002"/>
  <testcase name="oneOneMultiplyTest()" classname="com.csc.TestTriangleNumberCalculator" time="0.001"/>
  <testcase name="twoValueTest()" classname="com.csc.TestTriangleNumberCalculator" time="0.001"/>
  <testcase name="fourTwoDivideTest()" classname="com.csc.TestTriangleNumberCalculator" time="0.001"/>
  <testcase name="oneValueTest()" classname="com.csc.TestTriangleNumberCalculator" time="0.002"/>
  <testcase name="oneOneSubtractTest()" classname="com.csc.TestTriangleNumberCalculator" time="0.002"/>
  <testcase name="oneOneDivideTest()" classname="com.csc.TestTriangleNumberCalculator" time="0.002"/>
  <testcase name="twoThreeMultiplyTest()" classname="com.csc.TestTriangleNumberCalculator" time="0.001"/>
  <testcase name="twoThreeSubtractTest()" classname="com.csc.TestTriangleNumberCalculator" time="0.002"/>
  <testcase name="fourTwoAddTest()" classname="com.csc.TestTriangleNumberCalculator" time="0.002"/>
  <testcase name="fourTwoMultiplyTest()" classname="com.csc.TestTriangleNumberCalculator" time="0.002"/>
  <testcase name="fourValueTest()" classname="com.csc.TestTriangleNumberCalculator" time="0.004"/>
  <system-out><![CDATA[]]></system-out>
  <system-err><![CDATA[]]></system-err>
</testsuite>
